This is pdfTeX, Version 3.14159265-2.6-1.40.16 (TeX Live 2015) (preloaded format=pdflatex 2015.5.24)  16 MAR 2016 17:13
entering extended mode
 restricted \write18 enabled.
 file:line:error style messages enabled.
 %&-line parsing enabled.
**acl2016-alignment.tex
(./acl2016-alignment.tex
LaTeX2e <2015/01/01>
Babel <3.9l> and hyphenation patterns for 79 languages loaded.
(/usr/local/texlive/2015/texmf-dist/tex/latex/base/article.cls
Document Class: article 2014/09/29 v1.4h Standard LaTeX document class
(/usr/local/texlive/2015/texmf-dist/tex/latex/base/size11.clo
File: size11.clo 2014/09/29 v1.4h Standard LaTeX file (size option)
)
\c@part=\count79
\c@section=\count80
\c@subsection=\count81
\c@subsubsection=\count82
\c@paragraph=\count83
\c@subparagraph=\count84
\c@figure=\count85
\c@table=\count86
\abovecaptionskip=\skip41
\belowcaptionskip=\skip42
\bibindent=\dimen102
) (./acl2016.sty
Conference Style for ACL 2016 -- released January 17th, 2016
\titlebox=\skip43
\aclrulerbox=\box26
\aclrulercount=\count87
\aclruleroffset=\dimen103
\cv@lineheight=\dimen104
\cv@boxheight=\dimen105
\cv@tmpbox=\box27
\cv@refno=\count88
\cv@tot=\count89
\cv@tmpc@=\count90
\cv@tmpc=\count91
) (/usr/local/texlive/2015/texmf-dist/tex/latex/psnfss/times.sty
Package: times 2005/04/12 PSNFSS-v9.2a (SPQR) 
)
(/usr/local/texlive/2015/texmf-dist/tex/latex/url/url.sty
\Urlmuskip=\muskip10
Package: url 2013/09/16  ver 3.4  Verb mode for urls, etc.
)
(/usr/local/texlive/2015/texmf-dist/tex/latex/base/latexsym.sty
Package: latexsym 1998/08/17 v2.2e Standard LaTeX package (lasy symbols)
\symlasy=\mathgroup4
LaTeX Font Info:    Overwriting symbol font `lasy' in version `bold'
(Font)                  U/lasy/m/n --> U/lasy/b/n on input line 52.
)
(./acl2016-alignment.aux)
\openout1 = `acl2016-alignment.aux'.

LaTeX Font Info:    Checking defaults for OML/cmm/m/it on input line 50.
LaTeX Font Info:    ... okay on input line 50.
LaTeX Font Info:    Checking defaults for T1/cmr/m/n on input line 50.
LaTeX Font Info:    ... okay on input line 50.
LaTeX Font Info:    Checking defaults for OT1/cmr/m/n on input line 50.
LaTeX Font Info:    ... okay on input line 50.
LaTeX Font Info:    Checking defaults for OMS/cmsy/m/n on input line 50.
LaTeX Font Info:    ... okay on input line 50.
LaTeX Font Info:    Checking defaults for OMX/cmex/m/n on input line 50.
LaTeX Font Info:    ... okay on input line 50.
LaTeX Font Info:    Checking defaults for U/cmr/m/n on input line 50.
LaTeX Font Info:    ... okay on input line 50.
LaTeX Font Info:    Try loading font information for OT1+ptm on input line 50.

(/usr/local/texlive/2015/texmf-dist/tex/latex/psnfss/ot1ptm.fd
File: ot1ptm.fd 2001/06/04 font definitions for OT1/ptm.
)
ABD: EveryShipout initializing macros
LaTeX Font Info:    Font shape `OT1/ptm/bx/n' in size <14.4> not available
(Font)              Font shape `OT1/ptm/b/n' tried instead on input line 51.
LaTeX Font Info:    External font `cmex10' loaded for size
(Font)              <12> on input line 51.
LaTeX Font Info:    External font `cmex10' loaded for size
(Font)              <8> on input line 51.
LaTeX Font Info:    External font `cmex10' loaded for size
(Font)              <6> on input line 51.
LaTeX Font Info:    Try loading font information for U+lasy on input line 51.

(/usr/local/texlive/2015/texmf-dist/tex/latex/base/ulasy.fd
File: ulasy.fd 1998/08/17 v2.2e LaTeX symbol font definitions
)
LaTeX Font Info:    Font shape `OT1/ptm/bx/n' in size <12> not available
(Font)              Font shape `OT1/ptm/b/n' tried instead on input line 51.

Underfull \hbox (badness 3471) in paragraph at lines 53--54
\OT1/ptm/m/n/10.95 mo-date'' or ``align'' to their part-ners,
 []


Underfull \hbox (badness 2744) in paragraph at lines 53--54
\OT1/ptm/m/n/10.95 with im-por-tant so-cial fac-tors such as
 []

LaTeX Font Info:    Font shape `OT1/ptm/bx/n' in size <10.95> not available
(Font)              Font shape `OT1/ptm/b/n' tried instead on input line 60.

LaTeX Warning: Citation `FusaroliEtAl2012?' on page 1 undefined on input line 6
0.


LaTeX Warning: Citation `HealeyPurverHowes2014' on page 1 undefined on input li
ne 60.


LaTeX Warning: Citation `?' on page 1 undefined on input line 60.


LaTeX Warning: Reference `sect:alignment-levels' on page 1 undefined on input l
ine 60.

LaTeX Font Info:    External font `cmex10' loaded for size
(Font)              <10.95> on input line 65.
[1{/usr/local/texlive/2015/texmf-var/fonts/map/pdftex/updmap/pdftex.map}



]

LaTeX Warning: Citation `HealeyPurverHowes2014' on page 2 undefined on input li
ne 74.


Underfull \vbox (badness 4181) has occurred while \output is active []


Underfull \hbox (badness 1019) in paragraph at lines 79--80
\OT1/ptm/m/n/10.95 Multiple met-rics for lin-guis-tic align-ment have
 []

[2]
Underfull \hbox (badness 10000) in paragraph at lines 100--101
[]\OT1/ptm/m/n/10.95 Different mod-els quan-tify this align-ment
 []

LaTeX Font Info:    External font `cmex10' loaded for size
(Font)              <9> on input line 106.
LaTeX Font Info:    External font `cmex10' loaded for size
(Font)              <5> on input line 106.

Overfull \hbox (12.33434pt too wide) detected at line 110
\OML/cmm/m/it/10.95 align[] \OMS/cmsy/m/n/10.95 ^^Y \OML/cmm/m/it/10.95 logit[]
\OT1/cmr/m/n/10.95 (\OML/cmm/m/it/10.95 p\OT1/cmr/m/n/10.95 (\OML/cmm/m/it/10.9
5 B\OMS/cmsy/m/n/10.95 j\OML/cmm/m/it/10.95 A\OT1/cmr/m/n/10.95 )) \OMS/cmsy/m/
n/10.95 ^^@ \OML/cmm/m/it/10.95 logit[]\OT1/cmr/m/n/10.95 (\OML/cmm/m/it/10.95 
p\OT1/cmr/m/n/10.95 (\OML/cmm/m/it/10.95 B\OMS/cmsy/m/n/10.95 j:\OML/cmm/m/it/1
0.95 A\OT1/cmr/m/n/10.95 ))
 []


LaTeX Warning: Citation `HealeyPurverHowes2014' on page 3 undefined on input li
ne 114.

[3]
Underfull \hbox (badness 6364) in paragraph at lines 132--133
[]\OT1/ptm/m/n/10.95 We pro-pose the Word-Based Hi-er-ar-chi-cal
 []

(./acl2016-alignment.bbl
LaTeX Font Info:    External font `cmex10' loaded for size
(Font)              <7> on input line 19.
 [4]
Underfull \hbox (badness 10000) in paragraph at lines 20--26
[]\OT1/ptm/m/n/10 Cristian Danescu-Niculescu-Mizil, Lil-lian Lee,
 []


Underfull \hbox (badness 1694) in paragraph at lines 20--26
\OT1/ptm/m/it/10 in-ter-na-tional con-fer-ence on World Wide Web -
 []


Underfull \hbox (badness 2277) in paragraph at lines 60--67
[]\OT1/ptm/m/n/10 Fangjian Guo, Charles Blun-dell, Hanna Wal-lach,
 []

)
LaTeX Font Info:    Try loading font information for OMS+ptm on input line 206.

 (/usr/local/texlive/2015/texmf-dist/tex/latex/psnfss/omsptm.fd
File: omsptm.fd 
)
LaTeX Font Info:    Font shape `OMS/ptm/m/n' in size <10.95> not available
(Font)              Font shape `OMS/cmsy/m/n' tried instead on input line 206.

Underfull \hbox (badness 1931) in paragraph at lines 216--217
[]\OT1/ptm/m/n/10.95 [Proof that LLA and Healey's mea-sure of
 []

[5] (./acl2016-alignment.aux)

LaTeX Warning: There were undefined references.

 )
(\end occurred when \iffalse on line 331 was incomplete) 
Here is how much of TeX's memory you used:
 549 strings out of 493089
 7146 string characters out of 6134842
 69085 words of memory out of 5000000
 4062 multiletter control sequences out of 15000+600000
 27885 words of font info for 61 fonts, out of 8000000 for 9000
 1141 hyphenation exceptions out of 8191
 37i,9n,28p,1248b,286s stack positions out of 5000i,500n,10000p,200000b,80000s
{/usr/local/texlive/201
5/texmf-dist/fonts/enc/dvips/base/8r.enc}</usr/local/texlive/2015/texmf-dist/fo
nts/type1/public/amsfonts/cm/cmex10.pfb></usr/local/texlive/2015/texmf-dist/fon
ts/type1/public/amsfonts/cm/cmmi10.pfb></usr/local/texlive/2015/texmf-dist/font
s/type1/public/amsfonts/cm/cmmi6.pfb></usr/local/texlive/2015/texmf-dist/fonts/
type1/public/amsfonts/cm/cmmi8.pfb></usr/local/texlive/2015/texmf-dist/fonts/ty
pe1/public/amsfonts/cm/cmr10.pfb></usr/local/texlive/2015/texmf-dist/fonts/type
1/public/amsfonts/cm/cmr8.pfb></usr/local/texlive/2015/texmf-dist/fonts/type1/p
ublic/amsfonts/cm/cmsy10.pfb></usr/local/texlive/2015/texmf-dist/fonts/type1/pu
blic/amsfonts/cm/cmsy8.pfb></usr/local/texlive/2015/texmf-dist/fonts/type1/urw/
helvetic/uhvb8a.pfb></usr/local/texlive/2015/texmf-dist/fonts/type1/urw/times/u
tmb8a.pfb></usr/local/texlive/2015/texmf-dist/fonts/type1/urw/times/utmr8a.pfb>
</usr/local/texlive/2015/texmf-dist/fonts/type1/urw/times/utmri8a.pfb>
Output written on acl2016-alignment.pdf (5 pages, 154008 bytes).
PDF statistics:
 69 PDF objects out of 1000 (max. 8388607)
 49 compressed objects within 1 object stream
 0 named destinations out of 1000 (max. 500000)
 1 words of extra memory for PDF output out of 10000 (max. 10000000)

